<?xml version="1.0" encoding="utf-8" standalone="no"?>
<!--This file represents the results of running a test suite-->
<test-results name="E:\nunit\bin\nonamespace-assembly.dll" total="3" failures="0" not-run="0" date="9/22/2005" time="3:03 PM">
  <test-suite name="E:\nunit\bin\nonamespace-assembly.dll" success="True" time="0.03125" asserts="0">
    <results>
      <test-suite name="NoNamespaceTestFixture" success="True" time="0.015625" asserts="0">
        <results>
          <test-case name="NoNamespaceTestFixture.Test1" executed="True" success="True" time="0.000" asserts="0" />
          <test-case name="NoNamespaceTestFixture.Test2" executed="True" success="True" time="0.000" asserts="0" />
          <test-case name="NoNamespaceTestFixture.Test3" executed="True" success="True" time="0.000" asserts="0" />
        </results>
      </test-suite>
    </results>
  </test-suite>
</test-results>