<?xml version="1.0"?>
<!DOCTYPE coverage SYSTEM "http://cobertura.sourceforge.net/xml/coverage-02.dtd">

<coverage line-rate="0.788966365873667" branch-rate="0.7953767123287672" version="1.8" timestamp="1178391993069">
	<sources>
		<source>/Users/elharo/Projects/workspace/JaxenClean/src/java/main</source>
	</sources>
	<packages>
		<package name="org.jaxen" line-rate="0.9210526315789473" branch-rate="0.9636363636363636" complexity="1.3801652892561984">
			<classes>
				<class name="org.jaxen.BaseXPath" filename="org/jaxen/BaseXPath.java" line-rate="0.9875" branch-rate="1.0" complexity="1.8148148148148149">
					<methods>
						<method name="&lt;init&gt;" signature="(Ljava/lang/String;)V" line-rate="1.0" branch-rate="1.0">
							<lines>
								<line number="107" hits="6070" branch="false"/>
								<line number="110" hits="6070" branch="false"/>
								<line number="111" hits="6068" branch="false"/>
								<line number="112" hits="6068" branch="false"/>
								<line number="113" hits="6068" branch="false"/>
								<line number="114" hits="5988" branch="false"/>
								<line number="116" hits="80" branch="false"/>
								<line number="118" hits="80" branch="false"/>
								<line number="120" hits="2" branch="false"/>
								<line number="122" hits="2" branch="false"/>
								<line number="123" hits="5988" branch="false"/>
								<line number="125" hits="5988" branch="false"/>
								<line number="126" hits="5988" branch="false"/>
							</lines>
						</method>
						<method name="&lt;init&gt;" signature="(Ljava/lang/String;Lorg/jaxen/Navigator;)V" line-rate="1.0" branch-rate="1.0">
							<lines>
								<line number="139" hits="6070" branch="false"/>
								<line number="140" hits="5988" branch="false"/>
								<line number="141" hits="5988" branch="false"/>
							</lines>
						</method>
						<method name="addNamespace" signature="(Ljava/lang/String;Ljava/lang/String;)V" line-rate="1.0" branch-rate="1.0">
							<lines>
								<line number="369" hits="8" branch="false"/>
								<line number="370" hits="8" branch="true"/>
								<line number="372" hits="6" branch="false"/>
								<line number="374" hits="6" branch="false"/>
								<line number="377" hits="2" branch="false"/>
							</lines>
						</method>
						<method name="booleanValueOf" signature="(Ljava/lang/Object;)Z" line-rate="1.0" branch-rate="1.0">
							<lines>
								<line number="309" hits="8" branch="false"/>
								<line number="310" hits="8" branch="false"/>
								<line number="311" hits="8" branch="true"/>
								<line number="312" hits="8" branch="false"/>
							</lines>
						</method>
						<method name="createFunctionContext" signature="()Lorg/jaxen/FunctionContext;" line-rate="1.0" branch-rate="1.0">
							<lines>
								<line number="635" hits="1214" branch="false"/>
							</lines>
						</method>
						<method name="createNamespaceContext" signature="()Lorg/jaxen/NamespaceContext;" line-rate="1.0" branch-rate="1.0">
							<lines>
								<line number="644" hits="1214" branch="false"/>
							</lines>
						</method>
						<method name="createVariableContext" signature="()Lorg/jaxen/VariableContext;" line-rate="1.0" branch-rate="1.0">
							<lines>
								<line number="653" hits="1214" branch="false"/>
							</lines>
						</method>
						<method name="debug" signature="()Ljava/lang/String;" line-rate="1.0" branch-rate="1.0">
							<lines>
								<line number="549" hits="2" branch="false"/>
							</lines>
						</method>
						<method name="evaluate" signature="(Ljava/lang/Object;)Ljava/lang/Object;" line-rate="1.0" branch-rate="1.0">
							<lines>
								<line number="172" hits="1664" branch="false"/>
								<line number="174" hits="1644" branch="true"/>
								<line number="178" hits="1638" branch="false"/>
								<line number="180" hits="1638" branch="true"/>
								<line number="186" hits="1370" branch="false"/>
								<line number="189" hits="274" branch="false"/>
							</lines>
						</method>
						<method name="getContext" signature="(Ljava/lang/Object;)Lorg/jaxen/Context;" line-rate="1.0" branch-rate="1.0">
							<lines>
								<line number="569" hits="3600" branch="true"/>
								<line number="571" hits="2448" branch="false"/>
								<line number="574" hits="1152" branch="false"/>
								<line number="576" hits="1152" branch="true"/>
								<line number="578" hits="2" branch="false"/>
								<line number="579" hits="2" branch="false"/>
								<line number="582" hits="1150" branch="false"/>
								<line number="583" hits="1150" branch="false"/>
								<line number="586" hits="1152" branch="false"/>
							</lines>
						</method>
						<method name="getContextSupport" signature="()Lorg/jaxen/ContextSupport;" line-rate="1.0" branch-rate="1.0">
							<lines>
								<line number="598" hits="1348" branch="true"/>
								<line number="600" hits="1214" branch="false"/>
								<line number="608" hits="1348" branch="false"/>
							</lines>
						</method>
						<method name="getFunctionContext" signature="()Lorg/jaxen/FunctionContext;" line-rate="1.0" branch-rate="1.0">
							<lines>
								<line number="488" hits="4" branch="false"/>
							</lines>
						</method>
						<method name="getNamespaceContext" signature="()Lorg/jaxen/NamespaceContext;" line-rate="1.0" branch-rate="1.0">
							<lines>
								<line number="465" hits="10" branch="false"/>
							</lines>
						</method>
						<method name="getNavigator" signature="()Lorg/jaxen/Navigator;" line-rate="1.0" branch-rate="1.0">
							<lines>
								<line number="618" hits="1216" branch="false"/>
							</lines>
						</method>
						<method name="getRootExpr" signature="()Lorg/jaxen/expr/Expr;" line-rate="1.0" branch-rate="1.0">
							<lines>
								<line number="531" hits="7054" branch="false"/>
							</lines>
						</method>
						<method name="getVariableContext" signature="()Lorg/jaxen/VariableContext;" line-rate="1.0" branch-rate="1.0">
							<lines>
								<line number="511" hits="2" branch="false"/>
							</lines>
						</method>
						<method name="numberValueOf" signature="(Ljava/lang/Object;)Ljava/lang/Number;" line-rate="1.0" branch-rate="1.0">
							<lines>
								<line number="334" hits="6" branch="false"/>
								<line number="335" hits="6" branch="false"/>
								<line number="336" hits="6" branch="false"/>
							</lines>
						</method>
						<method name="selectNodes" signature="(Ljava/lang/Object;)Ljava/util/List;" line-rate="1.0" branch-rate="1.0">
							<lines>
								<line number="212" hits="3580" branch="false"/>
								<line number="213" hits="3580" branch="false"/>
							</lines>
						</method>
						<method name="selectNodesForContext" signature="(Lorg/jaxen/Context;)Ljava/util/List;" line-rate="1.0" branch-rate="1.0">
							<lines>
								<line number="674" hits="3600" branch="false"/>
								<line number="675" hits="3476" branch="false"/>
							</lines>
						</method>
						<method name="selectSingleNode" signature="(Ljava/lang/Object;)Ljava/lang/Object;" line-rate="1.0" branch-rate="1.0">
							<lines>
								<line number="234" hits="8" branch="false"/>
								<line number="236" hits="8" branch="true"/>
								<line number="238" hits="4" branch="false"/>
								<line number="241" hits="4" branch="false"/>
							</lines>
						</method>
						<method name="selectSingleNodeForContext" signature="(Lorg/jaxen/Context;)Ljava/lang/Object;" line-rate="1.0" branch-rate="1.0">
							<lines>
								<line number="698" hits="12" branch="false"/>
								<line number="700" hits="12" branch="true"/>
								<line number="702" hits="4" branch="false"/>
								<line number="705" hits="8" branch="false"/>
							</lines>
						</method>
						<method name="setFunctionContext" signature="(Lorg/jaxen/FunctionContext;)V" line-rate="1.0" branch-rate="1.0">
							<lines>
								<line number="423" hits="58" branch="false"/>
								<line number="424" hits="58" branch="false"/>
							</lines>
						</method>
						<method name="setNamespaceContext" signature="(Lorg/jaxen/NamespaceContext;)V" line-rate="1.0" branch-rate="1.0">
							<lines>
								<line number="404" hits="66" branch="false"/>
								<line number="405" hits="66" branch="false"/>
							</lines>
						</method>
						<method name="setVariableContext" signature="(Lorg/jaxen/VariableContext;)V" line-rate="1.0" branch-rate="1.0">
							<lines>
								<line number="442" hits="56" branch="false"/>
								<line number="443" hits="56" branch="false"/>
							</lines>
						</method>
						<method name="stringValueOf" signature="(Ljava/lang/Object;)Ljava/lang/String;" line-rate="1.0" branch-rate="1.0">
							<lines>
								<line number="277" hits="6" branch="false"/>
								<line number="279" hits="6" branch="false"/>
								<line number="281" hits="6" branch="true"/>
								<line number="283" hits="2" branch="false"/>
								<line number="286" hits="4" branch="false"/>
							</lines>
						</method>
						<method name="toString" signature="()Ljava/lang/String;" line-rate="1.0" branch-rate="1.0">
							<lines>
								<line number="540" hits="512" branch="false"/>
							</lines>
						</method>
						<method name="valueOf" signature="(Ljava/lang/Object;)Ljava/lang/String;" line-rate="0.0" branch-rate="1.0">
							<lines>
								<line number="254" hits="0" branch="false"/>
							</lines>
						</method>
					</methods>
					<lines>
						<line number="107" hits="6070" branch="false"/>
						<line number="110" hits="6070" branch="false"/>
						<line number="111" hits="6068" branch="false"/>
						<line number="112" hits="6068" branch="false"/>
						<line number="113" hits="6068" branch="false"/>
						<line number="114" hits="5988" branch="false"/>
						<line number="116" hits="80" branch="false"/>
						<line number="118" hits="80" branch="false"/>
						<line number="120" hits="2" branch="false"/>
						<line number="122" hits="2" branch="false"/>
						<line number="123" hits="5988" branch="false"/>
						<line number="125" hits="5988" branch="false"/>
						<line number="126" hits="5988" branch="false"/>
						<line number="139" hits="6070" branch="false"/>
						<line number="140" hits="5988" branch="false"/>
						<line number="141" hits="5988" branch="false"/>
						<line number="172" hits="1664" branch="false"/>
						<line number="174" hits="1644" branch="true"/>
						<line number="178" hits="1638" branch="false"/>
						<line number="180" hits="1638" branch="true"/>
						<line number="186" hits="1370" branch="false"/>
						<line number="189" hits="274" branch="false"/>
						<line number="212" hits="3580" branch="false"/>
						<line number="213" hits="3580" branch="false"/>
						<line number="234" hits="8" branch="false"/>
						<line number="236" hits="8" branch="true"/>
						<line number="238" hits="4" branch="false"/>
						<line number="241" hits="4" branch="false"/>
						<line number="254" hits="0" branch="false"/>
						<line number="277" hits="6" branch="false"/>
						<line number="279" hits="6" branch="false"/>
						<line number="281" hits="6" branch="true"/>
						<line number="283" hits="2" branch="false"/>
						<line number="286" hits="4" branch="false"/>
						<line number="309" hits="8" branch="false"/>
						<line number="310" hits="8" branch="false"/>
						<line number="311" hits="8" branch="true"/>
						<line number="312" hits="8" branch="false"/>
						<line number="334" hits="6" branch="false"/>
						<line number="335" hits="6" branch="false"/>
						<line number="336" hits="6" branch="false"/>
						<line number="369" hits="8" branch="false"/>
						<line number="370" hits="8" branch="true"/>
						<line number="372" hits="6" branch="false"/>
						<line number="374" hits="6" branch="false"/>
						<line number="377" hits="2" branch="false"/>
						<line number="404" hits="66" branch="false"/>
						<line number="405" hits="66" branch="false"/>
						<line number="423" hits="58" branch="false"/>
						<line number="424" hits="58" branch="false"/>
						<line number="442" hits="56" branch="false"/>
						<line number="443" hits="56" branch="false"/>
						<line number="465" hits="10" branch="false"/>
						<line number="488" hits="4" branch="false"/>
						<line number="511" hits="2" branch="false"/>
						<line number="531" hits="7054" branch="false"/>
						<line number="540" hits="512" branch="false"/>
						<line number="549" hits="2" branch="false"/>
						<line number="569" hits="3600" branch="true"/>
						<line number="571" hits="2448" branch="false"/>
						<line number="574" hits="1152" branch="false"/>
						<line number="576" hits="1152" branch="true"/>
						<line number="578" hits="2" branch="false"/>
						<line number="579" hits="2" branch="false"/>
						<line number="582" hits="1150" branch="false"/>
						<line number="583" hits="1150" branch="false"/>
						<line number="586" hits="1152" branch="false"/>
						<line number="598" hits="1348" branch="true"/>
						<line number="600" hits="1214" branch="false"/>
						<line number="608" hits="1348" branch="false"/>
						<line number="618" hits="1216" branch="false"/>
						<line number="635" hits="1214" branch="false"/>
						<line number="644" hits="1214" branch="false"/>
						<line number="653" hits="1214" branch="false"/>
						<line number="674" hits="3600" branch="false"/>
						<line number="675" hits="3476" branch="false"/>
						<line number="698" hits="12" branch="false"/>
						<line number="700" hits="12" branch="true"/>
						<line number="702" hits="4" branch="false"/>
						<line number="705" hits="8" branch="false"/>
					</lines>
				</class>
				<class name="org.jaxen.Context" filename="org/jaxen/Context.java" line-rate="0.9375" branch-rate="1.0" complexity="1.1428571428571428">
					<methods>
						<method name="&lt;init&gt;" signature="(Lorg/jaxen/ContextSupport;)V" line-rate="1.0" branch-rate="1.0">
							<lines>
								<line number="98" hits="18674" branch="false"/>
								<line number="99" hits="18674" branch="false"/>
								<line number="100" hits="18674" branch="false"/>
								<line number="101" hits="18674" branch="false"/>
								<line number="102" hits="18674" branch="false"/>
								<line number="103" hits="18674" branch="false"/>
							</lines>
						</method>
						<method name="duplicate" signature="()Lorg/jaxen/Context;" line-rate="1.0" branch-rate="1.0">
							<lines>
								<line number="271" hits="58" branch="false"/>
								<line number="273" hits="58" branch="false"/>
								<line number="275" hits="58" branch="true"/>
								<line number="277" hits="58" branch="false"/>
								<line number="278" hits="58" branch="false"/>
								<line number="279" hits="58" branch="false"/>
								<line number="280" hits="58" branch="false"/>
								<line number="283" hits="58" branch="false"/>
							</lines>
						</method>
						<method name="getContextSupport" signature="()Lorg/jaxen/ContextSupport;" line-rate="1.0" branch-rate="1.0">
							<lines>
								<line number="158" hits="45840" branch="false"/>
							</lines>
						</method>
						<method name="getFunction" signature="(Ljava/lang/String;Ljava/lang/String;Ljava/lang/String;)Lorg/jaxen/Function;" line-rate="1.0" branch-rate="1.0">
							<lines>
								<line number="216" hits="4240" branch="false"/>
							</lines>
						</method>
						<method name="getNavigator" signature="()Lorg/jaxen/Navigator;" line-rate="1.0" branch-rate="1.0">
							<lines>
								<line number="167" hits="17966" branch="false"/>
							</lines>
						</method>
						<method name="getNodeSet" signature="()Ljava/util/List;" line-rate="1.0" branch-rate="1.0">
							<lines>
								<line number="140" hits="21786" branch="false"/>
							</lines>
						</method>
						<method name="getPosition" signature="()I" line-rate="1.0" branch-rate="1.0">
							<lines>
								<line number="258" hits="248" branch="false"/>
							</lines>
						</method>
						<method name="getSize" signature="()I" line-rate="1.0" branch-rate="1.0">
							<lines>
								<line number="240" hits="32" branch="false"/>
							</lines>
						</method>
						<method name="getVariableValue" signature="(Ljava/lang/String;Ljava/lang/String;Ljava/lang/String;)Ljava/lang/Object;" line-rate="1.0" branch-rate="1.0">
							<lines>
								<line number="196" hits="28" branch="false"/>
							</lines>
						</method>
						<method name="setContextSupport" signature="(Lorg/jaxen/ContextSupport;)V" line-rate="0.0" branch-rate="1.0">
							<lines>
								<line number="149" hits="0" branch="false"/>
								<line number="150" hits="0" branch="false"/>
							</lines>
						</method>
						<method name="setNodeSet" signature="(Ljava/util/List;)V" line-rate="1.0" branch-rate="1.0">
							<lines>
								<line number="127" hits="28934" branch="false"/>
								<line number="128" hits="28934" branch="false"/>
								<line number="129" hits="28934" branch="true"/>
								<line number="130" hits="28934" branch="false"/>
							</lines>
						</method>
						<method name="setPosition" signature="(I)V" line-rate="1.0" branch-rate="1.0">
							<lines>
								<line number="249" hits="7946" branch="false"/>
								<line number="250" hits="7946" branch="false"/>
							</lines>
						</method>
						<method name="setSize" signature="(I)V" line-rate="1.0" branch-rate="1.0">
							<lines>
								<line number="231" hits="7886" branch="false"/>
								<line number="232" hits="7886" branch="false"/>
							</lines>
						</method>
						<method name="translateNamespacePrefixToUri" signature="(Ljava/lang/String;)Ljava/lang/String;" line-rate="1.0" branch-rate="1.0">
							<lines>
								<line number="178" hits="4268" branch="false"/>
							</lines>
						</method>
					</methods>
					<lines>
						<line number="98" hits="18674" branch="false"/>
						<line number="99" hits="18674" branch="false"/>
						<line number="100" hits="18674" branch="false"/>
						<line number="101" hits="18674" branch="false"/>
						<line number="102" hits="18674" branch="false"/>
						<line number="103" hits="18674" branch="false"/>
						<line number="127" hits="28934" branch="false"/>
						<line number="128" hits="28934" branch="false"/>
						<line number="129" hits="28934" branch="true"/>
						<line number="130" hits="28934" branch="false"/>
						<line number="140" hits="21786" branch="false"/>
						<line number="149" hits="0" branch="false"/>
						<line number="150" hits="0" branch="false"/>
						<line number="158" hits="45840" branch="false"/>
						<line number="167" hits="17966" branch="false"/>
						<line number="178" hits="4268" branch="false"/>
						<line number="196" hits="28" branch="false"/>
						<line number="216" hits="4240" branch="false"/>
						<line number="231" hits="7886" branch="false"/>
						<line number="232" hits="7886" branch="false"/>
						<line number="240" hits="32" branch="false"/>
						<line number="249" hits="7946" branch="false"/>
						<line number="250" hits="7946" branch="false"/>
						<line number="258" hits="248" branch="false"/>
						<line number="271" hits="58" branch="false"/>
						<line number="273" hits="58" branch="false"/>
						<line number="275" hits="58" branch="true"/>
						<line number="277" hits="58" branch="false"/>
						<line number="278" hits="58" branch="false"/>
						<line number="279" hits="58" branch="false"/>
						<line number="280" hits="58" branch="false"/>
						<line number="283" hits="58" branch="false"/>
					</lines>
				</class>
				<class name="org.jaxen.ContextSupport" filename="org/jaxen/ContextSupport.java" line-rate="0.90625" branch-rate="1.0" complexity="1.8333333333333333">
					<methods>
						<method name="&lt;init&gt;" signature="()V" line-rate="1.0" branch-rate="1.0">
							<lines>
								<line number="82" hits="10" branch="false"/>
								<line number="84" hits="10" branch="false"/>
							</lines>
						</method>
						<method name="&lt;init&gt;" signature="(Lorg/jaxen/NamespaceContext;Lorg/jaxen/FunctionContext;Lorg/jaxen/VariableContext;Lorg/jaxen/Navigator;)V" line-rate="1.0" branch-rate="1.0">
							<lines>
								<line number="97" hits="1702" branch="false"/>
								<line number="98" hits="1702" branch="false"/>
								<line number="99" hits="1702" branch="false"/>
								<line number="100" hits="1702" branch="false"/>
								<line number="102" hits="1702" branch="false"/>
								<line number="103" hits="1702" branch="false"/>
							</lines>
						</method>
						<method name="getFunction" signature="(Ljava/lang/String;Ljava/lang/String;Ljava/lang/String;)Lorg/jaxen/Function;" line-rate="0.75" branch-rate="1.0">
							<lines>
								<line number="238" hits="4240" branch="false"/>
								<line number="240" hits="4240" branch="true"/>
								<line number="242" hits="4240" branch="false"/>
								<line number="246" hits="0" branch="false"/>
							</lines>
						</method>
						<method name="getFunctionContext" signature="()Lorg/jaxen/FunctionContext;" line-rate="1.0" branch-rate="1.0">
							<lines>
								<line number="142" hits="4300" branch="false"/>
							</lines>
						</method>
						<method name="getNamespaceContext" signature="()Lorg/jaxen/NamespaceContext;" line-rate="1.0" branch-rate="1.0">
							<lines>
								<line number="124" hits="4544" branch="false"/>
							</lines>
						</method>
						<method name="getNavigator" signature="()Lorg/jaxen/Navigator;" line-rate="1.0" branch-rate="1.0">
							<lines>
								<line number="169" hits="987168" branch="false"/>
							</lines>
						</method>
						<method name="getVariableContext" signature="()Lorg/jaxen/VariableContext;" line-rate="1.0" branch-rate="1.0">
							<lines>
								<line number="160" hits="86" branch="false"/>
							</lines>
						</method>
						<method name="getVariableValue" signature="(Ljava/lang/String;Ljava/lang/String;Ljava/lang/String;)Ljava/lang/Object;" line-rate="0.75" branch-rate="1.0">
							<lines>
								<line number="211" hits="28" branch="false"/>
								<line number="213" hits="28" branch="true"/>
								<line number="215" hits="28" branch="false"/>
								<line number="219" hits="0" branch="false"/>
							</lines>
						</method>
						<method name="setFunctionContext" signature="(Lorg/jaxen/FunctionContext;)V" line-rate="1.0" branch-rate="1.0">
							<lines>
								<line number="133" hits="1760" branch="false"/>
								<line number="134" hits="1760" branch="false"/>
							</lines>
						</method>
						<method name="setNamespaceContext" signature="(Lorg/jaxen/NamespaceContext;)V" line-rate="1.0" branch-rate="1.0">
							<lines>
								<line number="115" hits="1800" branch="false"/>
								<line number="116" hits="1800" branch="false"/>
							</lines>
						</method>
						<method name="setVariableContext" signature="(Lorg/jaxen/VariableContext;)V" line-rate="1.0" branch-rate="1.0">
							<lines>
								<line number="151" hits="1766" branch="false"/>
								<line number="152" hits="1766" branch="false"/>
							</lines>
						</method>
						<method name="translateNamespacePrefixToUri" signature="(Ljava/lang/String;)Ljava/lang/String;" line-rate="0.8333333333333334" branch-rate="1.0">
							<lines>
								<line number="183" hits="4484" branch="true"/>
								<line number="184" hits="6" branch="false"/>
								<line number="186" hits="4478" branch="false"/>
								<line number="188" hits="4478" branch="true"/>
								<line number="190" hits="4478" branch="false"/>
								<line number="193" hits="0" branch="false"/>
							</lines>
						</method>
					</methods>
					<lines>
						<line number="82" hits="10" branch="false"/>
						<line number="84" hits="10" branch="false"/>
						<line number="97" hits="1702" branch="false"/>
						<line number="98" hits="1702" branch="false"/>
						<line number="99" hits="1702" branch="false"/>
						<line number="100" hits="1702" branch="false"/>
						<line number="102" hits="1702" branch="false"/>
						<line number="103" hits="1702" branch="false"/>
						<line number="115" hits="1800" branch="false"/>
						<line number="116" hits="1800" branch="false"/>
						<line number="124" hits="4544" branch="false"/>
						<line number="133" hits="1760" branch="false"/>
						<line number="134" hits="1760" branch="false"/>
						<line number="142" hits="4300" branch="false"/>
						<line number="151" hits="1766" branch="false"/>
						<line number="152" hits="1766" branch="false"/>
						<line number="160" hits="86" branch="false"/>
						<line number="169" hits="987168" branch="false"/>
						<line number="183" hits="4484" branch="true"/>
						<line number="184" hits="6" branch="false"/>
						<line number="186" hits="4478" branch="false"/>
						<line number="188" hits="4478" branch="true"/>
						<line number="190" hits="4478" branch="false"/>
						<line number="193" hits="0" branch="false"/>
						<line number="211" hits="28" branch="false"/>
						<line number="213" hits="28" branch="true"/>
						<line number="215" hits="28" branch="false"/>
						<line number="219" hits="0" branch="false"/>
						<line number="238" hits="4240" branch="false"/>
						<line number="240" hits="4240" branch="true"/>
						<line number="242" hits="4240" branch="false"/>
						<line number="246" hits="0" branch="false"/>
					</lines>
				</class>
				<class name="org.jaxen.DefaultNavigator" filename="org/jaxen/DefaultNavigator.java" line-rate="0.5641025641025641" branch-rate="1.0" complexity="1.9523809523809523">
					<methods>
						<method name="&lt;init&gt;" signature="()V" line-rate="1.0" branch-rate="1.0">
							<lines>
								<line number="84" hits="2506" branch="false"/>
							</lines>
						</method>
						<method name="getAncestorAxisIterator" signature="(Ljava/lang/Object;)Ljava/util/Iterator;" line-rate="1.0" branch-rate="1.0">
							<lines>
								<line number="120" hits="40" branch="false"/>
							</lines>
						</method>
						<method name="getAncestorOrSelfAxisIterator" signature="(Ljava/lang/Object;)Ljava/util/Iterator;" line-rate="1.0" branch-rate="1.0">
							<lines>
								<line number="192" hits="176" branch="false"/>
							</lines>
						</method>
						<method name="getAttributeAxisIterator" signature="(Ljava/lang/Object;)Ljava/util/Iterator;" line-rate="0.0" branch-rate="1.0">
							<lines>
								<line number="164" hits="0" branch="false"/>
							</lines>
						</method>
						<method name="getChildAxisIterator" signature="(Ljava/lang/Object;)Ljava/util/Iterator;" line-rate="0.0" branch-rate="1.0">
							<lines>
								<line number="95" hits="0" branch="false"/>
							</lines>
						</method>
						<method name="getDescendantAxisIterator" signature="(Ljava/lang/Object;)Ljava/util/Iterator;" line-rate="1.0" branch-rate="1.0">
							<lines>
								<line number="103" hits="166" branch="false"/>
							</lines>
						</method>
						<method name="getDescendantOrSelfAxisIterator" signature="(Ljava/lang/Object;)Ljava/util/Iterator;" line-rate="1.0" branch-rate="1.0">
							<lines>
								<line number="186" hits="416" branch="false"/>
							</lines>
						</method>
						<method name="getDocument" signature="(Ljava/lang/String;)Ljava/lang/Object;" line-rate="0.0" branch-rate="1.0">
							<lines>
								<line number="281" hits="0" branch="false"/>
							</lines>
						</method>
						<method name="getDocumentNode" signature="(Ljava/lang/Object;)Ljava/lang/Object;" line-rate="0.0" branch-rate="1.0">
							<lines>
								<line number="198" hits="0" branch="false"/>
							</lines>
						</method>
						<method name="getElementById" signature="(Ljava/lang/Object;Ljava/lang/String;)Ljava/lang/Object;" line-rate="0.0" branch-rate="1.0">
							<lines>
								<line number="296" hits="0" branch="false"/>
							</lines>
						</method>
						<method name="getFollowingAxisIterator" signature="(Ljava/lang/Object;)Ljava/util/Iterator;" line-rate="1.0" branch-rate="1.0">
							<lines>
								<line number="140" hits="48" branch="false"/>
							</lines>
						</method>
						<method name="getFollowingSiblingAxisIterator" signature="(Ljava/lang/Object;)Ljava/util/Iterator;" line-rate="1.0" branch-rate="1.0">
							<lines>
								<line number="127" hits="13740" branch="false"/>
							</lines>
						</method>
						<method name="getNamespaceAxisIterator" signature="(Ljava/lang/Object;)Ljava/util/Iterator;" line-rate="0.0" branch-rate="1.0">
							<lines>
								<line number="176" hits="0" branch="false"/>
							</lines>
						</method>
						<method name="getNodeType" signature="(Ljava/lang/Object;)S" line-rate="0.5333333333333333" branch-rate="1.0">
							<lines>
								<line number="218" hits="150" branch="true"/>
								<line number="220" hits="0" branch="false"/>
								<line number="222" hits="150" branch="true"/>
								<line number="224" hits="0" branch="false"/>
								<line number="226" hits="150" branch="true"/>
								<line number="228" hits="0" branch="false"/>
								<line number="230" hits="150" branch="true"/>
								<line number="232" hits="0" branch="false"/>
								<line number="234" hits="150" branch="true"/>
								<line number="236" hits="0" branch="false"/>
								<line number="238" hits="150" branch="true"/>
								<line number="240" hits="0" branch="false"/>
								<line number="242" hits="150" branch="true"/>
								<line number="244" hits="150" branch="false"/>
								<line number="247" hits="0" branch="false"/>
							</lines>
						</method>
						<method name="getParentAxisIterator" signature="(Ljava/lang/Object;)Ljava/util/Iterator;" line-rate="0.0" branch-rate="1.0">
							<lines>
								<line number="115" hits="0" branch="false"/>
							</lines>
						</method>
						<method name="getParentNode" signature="(Ljava/lang/Object;)Ljava/lang/Object;" line-rate="1.0" branch-rate="1.0">
							<lines>
								<line number="261" hits="50332" branch="false"/>
								<line number="262" hits="50332" branch="true"/>
								<line number="264" hits="40496" branch="false"/>
								<line number="266" hits="9836" branch="false"/>
							</lines>
						</method>
						<method name="getPrecedingAxisIterator" signature="(Ljava/lang/Object;)Ljava/util/Iterator;" line-rate="1.0" branch-rate="1.0">
							<lines>
								<line number="149" hits="154" branch="false"/>
							</lines>
						</method>
						<method name="getPrecedingSiblingAxisIterator" signature="(Ljava/lang/Object;)Ljava/util/Iterator;" line-rate="1.0" branch-rate="1.0">
							<lines>
								<line number="134" hits="66" branch="false"/>
							</lines>
						</method>
						<method name="getProcessingInstructionData" signature="(Ljava/lang/Object;)Ljava/lang/String;" line-rate="0.0" branch-rate="1.0">
							<lines>
								<line number="213" hits="0" branch="false"/>
							</lines>
						</method>
						<method name="getProcessingInstructionTarget" signature="(Ljava/lang/Object;)Ljava/lang/String;" line-rate="0.0" branch-rate="1.0">
							<lines>
								<line number="208" hits="0" branch="false"/>
							</lines>
						</method>
						<method name="getSelfAxisIterator" signature="(Ljava/lang/Object;)Ljava/util/Iterator;" line-rate="1.0" branch-rate="1.0">
							<lines>
								<line number="181" hits="224" branch="false"/>
							</lines>
						</method>
						<method name="translateNamespacePrefixToUri" signature="(Ljava/lang/String;Ljava/lang/Object;)Ljava/lang/String;" line-rate="0.0" branch-rate="1.0">
							<lines>
								<line number="203" hits="0" branch="false"/>
							</lines>
						</method>
					</methods>
					<lines>
						<line number="84" hits="2506" branch="false"/>
						<line number="95" hits="0" branch="false"/>
						<line number="103" hits="166" branch="false"/>
						<line number="115" hits="0" branch="false"/>
						<line number="120" hits="40" branch="false"/>
						<line number="127" hits="13740" branch="false"/>
						<line number="134" hits="66" branch="false"/>
						<line number="140" hits="48" branch="false"/>
						<line number="149" hits="154" branch="false"/>
						<line number="164" hits="0" branch="false"/>
						<line number="176" hits="0" branch="false"/>
						<line number="181" hits="224" branch="false"/>
						<line number="186" hits="416" branch="false"/>
						<line number="192" hits="176" branch="false"/>
						<line number="198" hits="0" branch="false"/>
						<line number="203" hits="0" branch="false"/>
						<line number="208" hits="0" branch="false"/>
						<line number="213" hits="0" branch="false"/>
						<line number="218" hits="150" branch="true"/>
						<line number="220" hits="0" branch="false"/>
						<line number="222" hits="150" branch="true"/>
						<line number="224" hits="0" branch="false"/>
						<line number="226" hits="150" branch="true"/>
						<line number="228" hits="0" branch="false"/>
						<line number="230" hits="150" branch="true"/>
						<line number="232" hits="0" branch="false"/>
						<line number="234" hits="150" branch="true"/>
						<line number="236" hits="0" branch="false"/>
						<line number="238" hits="150" branch="true"/>
						<line number="240" hits="0" branch="false"/>
						<line number="242" hits="150" branch="true"/>
						<line number="244" hits="150" branch="false"/>
						<line number="247" hits="0" branch="false"/>
						<line number="261" hits="50332" branch="false"/>
						<line number="262" hits="50332" branch="true"/>
						<line number="264" hits="40496" branch="false"/>
						<line number="266" hits="9836" branch="false"/>
						<line number="281" hits="0" branch="false"/>
						<line number="296" hits="0" branch="false"/>
					</lines>
				</class>
				<class name="org.jaxen.Function" filename="org/jaxen/Function.java" line-rate="1.0" branch-rate="1.0" complexity="1.0">
					<methods>
					</methods>
					<lines>
					</lines>
				</class>
				<class name="org.jaxen.FunctionCallException" filename="org/jaxen/FunctionCallException.java" line-rate="0.8571428571428571" branch-rate="1.0" complexity="1.0">
					<methods>
						<method name="&lt;init&gt;" signature="(Ljava/lang/String;)V" line-rate="1.0" branch-rate="1.0">
							<lines>
								<line number="74" hits="98" branch="false"/>
								<line number="75" hits="98" branch="false"/>
							</lines>
						</method>
						<method name="&lt;init&gt;" signature="(Ljava/lang/String;Ljava/lang/Exception;)V" line-rate="1.0" branch-rate="1.0">
							<lines>
								<line number="94" hits="2" branch="false"/>
								<line number="95" hits="2" branch="false"/>
							</lines>
						</method>
						<method name="&lt;init&gt;" signature="(Ljava/lang/Throwable;)V" line-rate="1.0" branch-rate="1.0">
							<lines>
								<line number="83" hits="2" branch="false"/>
								<line number="84" hits="2" branch="false"/>
							</lines>
						</method>
						<method name="getNestedException" signature="()Ljava/lang/Throwable;" line-rate="0.0" branch-rate="1.0">
							<lines>
								<line number="108" hits="0" branch="false"/>
							</lines>
						</method>
					</methods>
					<lines>
						<line number="74" hits="98" branch="false"/>
						<line number="75" hits="98" branch="false"/>
						<line number="83" hits="2" branch="false"/>
						<line number="84" hits="2" branch="false"/>
						<line number="94" hits="2" branch="false"/>
						<line number="95" hits="2" branch="false"/>
						<line number="108" hits="0" branch="false"/>
					</lines>
				</class>
				<class name="org.jaxen.FunctionContext" filename="org/jaxen/FunctionContext.java" line-rate="1.0" branch-rate="1.0" complexity="1.0">
					<methods>
					</methods>
					<lines>
					</lines>
				</class>
				<class name="org.jaxen.JaxenConstants" filename="org/jaxen/JaxenConstants.java" line-rate="0.6666666666666666" branch-rate="1.0" complexity="1.0">
					<methods>
						<method name="&lt;clinit&gt;" signature="()V" line-rate="1.0" branch-rate="1.0">
							<lines>
								<line number="68" hits="32" branch="false"/>
								<line number="74" hits="32" branch="false"/>
							</lines>
						</method>
						<method name="&lt;init&gt;" signature="()V" line-rate="0.0" branch-rate="1.0">
							<lines>
								<line number="62" hits="0" branch="false"/>
							</lines>
						</method>
					</methods>
					<lines>
						<line number="62" hits="0" branch="false"/>
						<line number="68" hits="32" branch="false"/>
						<line number="74" hits="32" branch="false"/>
					</lines>
				</class>
				<class name="org.jaxen.JaxenException" filename="org/jaxen/JaxenException.java" line-rate="0.9230769230769231" branch-rate="1.0" complexity="1.0">
					<methods>
						<method name="&lt;clinit&gt;" signature="()V" line-rate="0.8571428571428571" branch-rate="1.0">
							<lines>
								<line number="66" hits="88" branch="false"/>
								<line number="70" hits="88" branch="false"/>
								<line number="71" hits="88" branch="false"/>
								<line number="72" hits="88" branch="false"/>
								<line number="74" hits="0" branch="false"/>
								<line number="77" hits="88" branch="false"/>
								<line number="78" hits="88" branch="false"/>
							</lines>
						</method>
						<method name="&lt;init&gt;" signature="(Ljava/lang/String;)V" line-rate="1.0" branch-rate="1.0">
							<lines>
								<line number="87" hits="138" branch="false"/>
								<line number="88" hits="138" branch="false"/>
							</lines>
						</method>
						<method name="&lt;init&gt;" signature="(Ljava/lang/String;Ljava/lang/Throwable;)V" line-rate="1.0" branch-rate="1.0">
							<lines>
								<line number="108" hits="2" branch="false"/>
								<line number="109" hits="2" branch="false"/>
							</lines>
						</method>
						<method name="&lt;init&gt;" signature="(Ljava/lang/Throwable;)V" line-rate="1.0" branch-rate="1.0">
							<lines>
								<line number="97" hits="86" branch="false"/>
								<line number="98" hits="86" branch="false"/>
							</lines>
						</method>
					</methods>
					<lines>
						<line number="66" hits="88" branch="false"/>
						<line number="70" hits="88" branch="false"/>
						<line number="71" hits="88" branch="false"/>
						<line number="72" hits="88" branch="false"/>
						<line number="74" hits="0" branch="false"/>
						<line number="77" hits="88" branch="false"/>
						<line number="78" hits="88" branch="false"/>
						<line number="87" hits="138" branch="false"/>
						<line number="88" hits="138" branch="false"/>
						<line number="97" hits="86" branch="false"/>
						<line number="98" hits="86" branch="false"/>
						<line number="108" hits="2" branch="false"/>
						<line number="109" hits="2" branch="false"/>
					</lines>
				</class>
				<class name="org.jaxen.JaxenHandler" filename="org/jaxen/JaxenHandler.java" line-rate="0.96045197740113" branch-rate="0.9333333333333333" complexity="1.2258064516129032">
					<methods>
						<method name="&lt;init&gt;" signature="()V" line-rate="1.0" branch-rate="1.0">
							<lines>
								<line number="95" hits="6118" branch="false"/>
								<line number="96" hits="6118" branch="false"/>
								<line number="97" hits="6118" branch="false"/>
								<line number="98" hits="6118" branch="false"/>
							</lines>
						</method>
						<method name="addParameters" signature="(Lorg/jaxen/expr/FunctionCallExpr;Ljava/util/Iterator;)V" line-rate="1.0" branch-rate="1.0">
							<lines>
								<line number="576" hits="5658" branch="true"/>
								<line number="578" hits="3022" branch="false"/>
								<line number="579" hits="3022" branch="false"/>
								<line number="580" hits="2636" branch="false"/>
							</lines>
						</method>
						<method name="addPredicates" signature="(Lorg/jaxen/expr/Predicated;Ljava/util/Iterator;)V" line-rate="1.0" branch-rate="1.0">
							<lines>
								<line number="377" hits="20000" branch="true"/>
								<line number="379" hits="1346" branch="false"/>
								<line number="380" hits="1346" branch="false"/>
								<line number="381" hits="18654" branch="false"/>
							</lines>
						</method>
						<method name="addSteps" signature="(Lorg/jaxen/expr/LocationPath;Ljava/util/Iterator;)V" line-rate="1.0" branch-rate="1.0">
							<lines>
								<line number="258" hits="14622" branch="true"/>
								<line number="260" hits="9156" branch="false"/>
								<line number="261" hits="9156" branch="false"/>
								<line number="262" hits="5466" branch="false"/>
							</lines>
						</method>
						<method name="canPop" signature="()Z" line-rate="0.0" branch-rate="0.0">
							<lines>
								<line number="599" hits="0" branch="true"/>
							</lines>
						</method>
						<method name="endAbsoluteLocationPath" signature="()V" line-rate="1.0" branch-rate="1.0">
							<lines>
								<line number="230" hits="3108" branch="false"/>
								<line number="231" hits="3108" branch="false"/>
							</lines>
						</method>
						<method name="endAdditiveExpr" signature="(I)V" line-rate="1.0" branch-rate="1.0">
							<lines>
								<line number="470" hits="504" branch="true"/>
								<line number="473" hits="504" branch="false"/>
								<line number="474" hits="504" branch="false"/>
								<line number="476" hits="504" branch="false"/>
								<line number="480" hits="504" branch="false"/>
							</lines>
						</method>
						<method name="endAllNodeStep" signature="()V" line-rate="1.0" branch-rate="1.0">
							<lines>
								<line number="314" hits="1276" branch="false"/>
								<line number="315" hits="1276" branch="false"/>
							</lines>
						</method>
						<method name="endAndExpr" signature="(Z)V" line-rate="1.0" branch-rate="1.0">
							<lines>
								<line number="414" hits="12220" branch="true"/>
								<line number="417" hits="248" branch="false"/>
								<line number="418" hits="248" branch="false"/>
								<line number="420" hits="248" branch="false"/>
								<line number="423" hits="12220" branch="false"/>
							</lines>
						</method>
						<method name="endCommentNodeStep" signature="()V" line-rate="1.0" branch-rate="1.0">
							<lines>
								<line number="302" hits="90" branch="false"/>
								<line number="303" hits="90" branch="false"/>
							</lines>
						</method>
						<method name="endEqualityExpr" signature="(I)V" line-rate="1.0" branch-rate="1.0">
							<lines>
								<line number="432" hits="1254" branch="true"/>
								<line number="435" hits="1254" branch="false"/>
								<line number="436" hits="1254" branch="false"/>
								<line number="438" hits="1254" branch="false"/>
								<line number="442" hits="1254" branch="false"/>
							</lines>
						</method>
						<method name="endFilterExpr" signature="()V" line-rate="1.0" branch-rate="1.0">
							<lines>
								<line number="362" hits="9460" branch="false"/>
								<line number="364" hits="9460" branch="false"/>
								<line number="366" hits="9460" branch="false"/>
								<line number="368" hits="9460" branch="false"/>
								<line number="371" hits="9460" branch="false"/>
								<line number="372" hits="9460" branch="false"/>
							</lines>
						</method>
						<method name="endFunction" signature="()V" line-rate="1.0" branch-rate="1.0">
							<lines>
								<line number="565" hits="2636" branch="false"/>
								<line number="567" hits="2636" branch="false"/>
								<line number="570" hits="2636" branch="false"/>
								<line number="571" hits="2636" branch="false"/>
							</lines>
						</method>
						<method name="endLocationPath" signature="()V" line-rate="1.0" branch-rate="1.0">
							<lines>
								<line number="247" hits="5466" branch="false"/>
								<line number="249" hits="5466" branch="false"/>
								<line number="252" hits="5466" branch="false"/>
								<line number="253" hits="5466" branch="false"/>
							</lines>
						</method>
						<method name="endMultiplicativeExpr" signature="(I)V" line-rate="1.0" branch-rate="1.0">
							<lines>
								<line number="489" hits="378" branch="true"/>
								<line number="492" hits="378" branch="false"/>
								<line number="493" hits="378" branch="false"/>
								<line number="495" hits="378" branch="false"/>
								<line number="499" hits="378" branch="false"/>
							</lines>
						</method>
						<method name="endNameStep" signature="()V" line-rate="1.0" branch-rate="1.0">
							<lines>
								<line number="277" hits="7532" branch="false"/>
								<line number="278" hits="7532" branch="false"/>
							</lines>
						</method>
						<method name="endOrExpr" signature="(Z)V" line-rate="1.0" branch-rate="1.0">
							<lines>
								<line number="397" hits="11972" branch="true"/>
								<line number="399" hits="16" branch="false"/>
								<line number="400" hits="16" branch="false"/>
								<line number="402" hits="16" branch="false"/>
								<line number="405" hits="11972" branch="false"/>
							</lines>
						</method>
						<method name="endPathExpr" signature="()V" line-rate="1.0" branch-rate="1.0">
							<lines>
								<line number="195" hits="14816" branch="true"/>
								<line number="197" hits="106" branch="false"/>
								<line number="198" hits="106" branch="false"/>
								<line number="199" hits="106" branch="false"/>
								<line number="202" hits="14710" branch="false"/>
								<line number="204" hits="14710" branch="true"/>
								<line number="206" hits="5360" branch="false"/>
								<line number="207" hits="5360" branch="false"/>
								<line number="208" hits="5360" branch="false"/>
								<line number="211" hits="9350" branch="false"/>
								<line number="212" hits="9350" branch="false"/>
								<line number="215" hits="14816" branch="false"/>
								<line number="217" hits="14816" branch="false"/>
								<line number="219" hits="14816" branch="false"/>
							</lines>
						</method>
						<method name="endPredicate" signature="()V" line-rate="1.0" branch-rate="1.0">
							<lines>
								<line number="348" hits="1346" branch="false"/>
								<line number="350" hits="1346" branch="false"/>
								<line number="352" hits="1346" branch="false"/>
								<line number="353" hits="1346" branch="false"/>
							</lines>
						</method>
						<method name="endProcessingInstructionNodeStep" signature="()V" line-rate="1.0" branch-rate="1.0">
							<lines>
								<line number="328" hits="140" branch="false"/>
								<line number="329" hits="140" branch="false"/>
							</lines>
						</method>
						<method name="endRelationalExpr" signature="(I)V" line-rate="1.0" branch-rate="1.0">
							<lines>
								<line number="451" hits="458" branch="true"/>
								<line number="454" hits="458" branch="false"/>
								<line number="455" hits="458" branch="false"/>
								<line number="457" hits="458" branch="false"/>
								<line number="461" hits="458" branch="false"/>
							</lines>
						</method>
						<method name="endRelativeLocationPath" signature="()V" line-rate="1.0" branch-rate="1.0">
							<lines>
								<line number="242" hits="2358" branch="false"/>
								<line number="243" hits="2358" branch="false"/>
							</lines>
						</method>
						<method name="endStep" signature="()V" line-rate="1.0" branch-rate="1.0">
							<lines>
								<line number="333" hits="9194" branch="false"/>
								<line number="335" hits="9194" branch="false"/>
								<line number="338" hits="9194" branch="false"/>
								<line number="339" hits="9194" branch="false"/>
							</lines>
						</method>
						<method name="endTextNodeStep" signature="()V" line-rate="1.0" branch-rate="1.0">
							<lines>
								<line number="290" hits="156" branch="false"/>
								<line number="291" hits="156" branch="false"/>
							</lines>
						</method>
						<method name="endUnaryExpr" signature="(I)V" line-rate="1.0" branch-rate="1.0">
							<lines>
								<line number="508" hits="136" branch="true"/>
								<line number="510" hits="136" branch="false"/>
								<line number="513" hits="136" branch="false"/>
							</lines>
						</method>
						<method name="endUnionExpr" signature="(Z)V" line-rate="1.0" branch-rate="1.0">
							<lines>
								<line number="522" hits="14816" branch="true"/>
								<line number="525" hits="40" branch="false"/>
								<line number="526" hits="40" branch="false"/>
								<line number="528" hits="40" branch="false"/>
								<line number="531" hits="14816" branch="false"/>
							</lines>
						</method>
						<method name="endXPath" signature="()V" line-rate="1.0" branch-rate="1.0">
							<lines>
								<line number="165" hits="6124" branch="false"/>
								<line number="166" hits="6124" branch="false"/>
								<line number="167" hits="6124" branch="false"/>
							</lines>
						</method>
						<method name="getXPathExpr" signature="()Lorg/jaxen/expr/XPathExpr;" line-rate="1.0" branch-rate="1.0">
							<lines>
								<line number="131" hits="6108" branch="false"/>
							</lines>
						</method>
						<method name="getXPathExpr" signature="(Z)Lorg/jaxen/expr/XPathExpr;" line-rate="1.0" branch-rate="1.0">
							<lines>
								<line number="148" hits="6182" branch="true"/>
								<line number="150" hits="6108" branch="false"/>
								<line number="151" hits="6108" branch="false"/>
								<line number="154" hits="6182" branch="false"/>
							</lines>
						</method>
						<method name="getXPathFactory" signature="()Lorg/jaxen/expr/XPathFactory;" line-rate="1.0" branch-rate="1.0">
							<lines>
								<line number="117" hits="57572" branch="false"/>
							</lines>
						</method>
						<method name="literal" signature="(Ljava/lang/String;)V" line-rate="1.0" branch-rate="1.0">
							<lines>
								<line number="545" hits="2196" branch="false"/>
								<line number="546" hits="2196" branch="false"/>
							</lines>
						</method>
						<method name="number" signature="(D)V" line-rate="1.0" branch-rate="1.0">
							<lines>
								<line number="540" hits="3150" branch="false"/>
								<line number="541" hits="3150" branch="false"/>
							</lines>
						</method>
						<method name="number" signature="(I)V" line-rate="0.0" branch-rate="1.0">
							<lines>
								<line number="535" hits="0" branch="false"/>
								<line number="536" hits="0" branch="false"/>
							</lines>
						</method>
						<method name="peekFrame" signature="()Ljava/util/LinkedList;" line-rate="1.0" branch-rate="1.0">
							<lines>
								<line number="614" hits="138640" branch="false"/>
							</lines>
						</method>
						<method name="pop" signature="()Ljava/lang/Object;" line-rate="1.0" branch-rate="1.0">
							<lines>
								<line number="594" hits="28324" branch="false"/>
							</lines>
						</method>
						<method name="popFrame" signature="()Ljava/util/LinkedList;" line-rate="1.0" branch-rate="1.0">
							<lines>
								<line number="609" hits="49042" branch="false"/>
							</lines>
						</method>
						<method name="push" signature="(Ljava/lang/Object;)V" line-rate="1.0" branch-rate="1.0">
							<lines>
								<line number="589" hits="68744" branch="false"/>
								<line number="590" hits="68744" branch="false"/>
							</lines>
						</method>
						<method name="pushFrame" signature="()V" line-rate="1.0" branch-rate="1.0">
							<lines>
								<line number="604" hits="49302" branch="false"/>
								<line number="605" hits="49302" branch="false"/>
							</lines>
						</method>
						<method name="returnExpr" signature="()V" line-rate="0.0" branch-rate="1.0">
							<lines>
								<line number="385" hits="0" branch="false"/>
								<line number="386" hits="0" branch="false"/>
								<line number="387" hits="0" branch="false"/>
								<line number="388" hits="0" branch="false"/>
							</lines>
						</method>
						<method name="setXPathFactory" signature="(Lorg/jaxen/expr/XPathFactory;)V" line-rate="1.0" branch-rate="1.0">
							<lines>
								<line number="107" hits="50" branch="false"/>
								<line number="108" hits="50" branch="false"/>
							</lines>
						</method>
						<method name="stackSize" signature="()I" line-rate="1.0" branch-rate="1.0">
							<lines>
								<line number="584" hits="14816" branch="false"/>
							</lines>
						</method>
						<method name="startAbsoluteLocationPath" signature="()V" line-rate="1.0" branch-rate="1.0">
							<lines>
								<line number="223" hits="3152" branch="false"/>
								<line number="225" hits="3152" branch="false"/>
								<line number="226" hits="3152" branch="false"/>
							</lines>
						</method>
						<method name="startAdditiveExpr" signature="()V" line-rate="1.0" branch-rate="1.0">
							<lines>
								<line number="465" hits="506" branch="false"/>
							</lines>
						</method>
						<method name="startAllNodeStep" signature="(I)V" line-rate="1.0" branch-rate="1.0">
							<lines>
								<line number="307" hits="1276" branch="false"/>
								<line number="309" hits="1276" branch="false"/>
								<line number="310" hits="1276" branch="false"/>
							</lines>
						</method>
						<method name="startAndExpr" signature="()V" line-rate="1.0" branch-rate="1.0">
							<lines>
								<line number="409" hits="12302" branch="false"/>
							</lines>
						</method>
						<method name="startCommentNodeStep" signature="(I)V" line-rate="1.0" branch-rate="1.0">
							<lines>
								<line number="295" hits="90" branch="false"/>
								<line number="297" hits="90" branch="false"/>
								<line number="298" hits="90" branch="false"/>
							</lines>
						</method>
						<method name="startEqualityExpr" signature="()V" line-rate="1.0" branch-rate="1.0">
							<lines>
								<line number="427" hits="1254" branch="false"/>
							</lines>
						</method>
						<method name="startFilterExpr" signature="()V" line-rate="1.0" branch-rate="1.0">
							<lines>
								<line number="357" hits="9476" branch="false"/>
								<line number="358" hits="9476" branch="false"/>
							</lines>
						</method>
						<method name="startFunction" signature="(Ljava/lang/String;Ljava/lang/String;)V" line-rate="1.0" branch-rate="1.0">
							<lines>
								<line number="558" hits="2644" branch="false"/>
								<line number="559" hits="2644" branch="false"/>
								<line number="561" hits="2644" branch="false"/>
							</lines>
						</method>
						<method name="startMultiplicativeExpr" signature="()V" line-rate="1.0" branch-rate="1.0">
							<lines>
								<line number="484" hits="378" branch="false"/>
							</lines>
						</method>
						<method name="startNameStep" signature="(ILjava/lang/String;Ljava/lang/String;)V" line-rate="1.0" branch-rate="1.0">
							<lines>
								<line number="268" hits="7548" branch="false"/>
								<line number="270" hits="7548" branch="false"/>
								<line number="273" hits="7548" branch="false"/>
							</lines>
						</method>
						<method name="startOrExpr" signature="()V" line-rate="1.0" branch-rate="1.0">
							<lines>
								<line number="392" hits="12054" branch="false"/>
							</lines>
						</method>
						<method name="startPathExpr" signature="()V" line-rate="1.0" branch-rate="1.0">
							<lines>
								<line number="171" hits="14898" branch="false"/>
								<line number="172" hits="14898" branch="false"/>
							</lines>
						</method>
						<method name="startPredicate" signature="()V" line-rate="1.0" branch-rate="1.0">
							<lines>
								<line number="343" hits="1362" branch="false"/>
								<line number="344" hits="1362" branch="false"/>
							</lines>
						</method>
						<method name="startProcessingInstructionNodeStep" signature="(ILjava/lang/String;)V" line-rate="1.0" branch-rate="1.0">
							<lines>
								<line number="320" hits="140" branch="false"/>
								<line number="322" hits="140" branch="false"/>
								<line number="324" hits="140" branch="false"/>
							</lines>
						</method>
						<method name="startRelationalExpr" signature="()V" line-rate="1.0" branch-rate="1.0">
							<lines>
								<line number="446" hits="458" branch="false"/>
							</lines>
						</method>
						<method name="startRelativeLocationPath" signature="()V" line-rate="1.0" branch-rate="1.0">
							<lines>
								<line number="235" hits="2362" branch="false"/>
								<line number="237" hits="2362" branch="false"/>
								<line number="238" hits="2362" branch="false"/>
							</lines>
						</method>
						<method name="startTextNodeStep" signature="(I)V" line-rate="1.0" branch-rate="1.0">
							<lines>
								<line number="283" hits="156" branch="false"/>
								<line number="285" hits="156" branch="false"/>
								<line number="286" hits="156" branch="false"/>
							</lines>
						</method>
						<method name="startUnaryExpr" signature="()V" line-rate="1.0" branch-rate="1.0">
							<lines>
								<line number="503" hits="136" branch="false"/>
							</lines>
						</method>
						<method name="startUnionExpr" signature="()V" line-rate="1.0" branch-rate="1.0">
							<lines>
								<line number="517" hits="14898" branch="false"/>
							</lines>
						</method>
						<method name="startXPath" signature="()V" line-rate="1.0" branch-rate="1.0">
							<lines>
								<line number="159" hits="6198" branch="false"/>
								<line number="160" hits="6198" branch="false"/>
								<line number="161" hits="6198" branch="false"/>
							</lines>
						</method>
						<method name="variableReference" signature="(Ljava/lang/String;Ljava/lang/String;)V" line-rate="1.0" branch-rate="1.0">
							<lines>
								<line number="551" hits="78" branch="false"/>
								<line number="553" hits="78" branch="false"/>
							</lines>
						</method>
					</methods>
					<lines>
						<line number="95" hits="6118" branch="false"/>
						<line number="96" hits="6118" branch="false"/>
						<line number="97" hits="6118" branch="false"/>
						<line number="98" hits="6118" branch="false"/>
						<line number="107" hits="50" branch="false"/>
						<line number="108" hits="50" branch="false"/>
						<line number="117" hits="57572" branch="false"/>
						<line number="131" hits="6108" branch="false"/>
						<line number="148" hits="6182" branch="true"/>
						<line number="150" hits="6108" branch="false"/>
						<line number="151" hits="6108" branch="false"/>
						<line number="154" hits="6182" branch="false"/>
						<line number="159" hits="6198" branch="false"/>
						<line number="160" hits="6198" branch="false"/>
						<line number="161" hits="6198" branch="false"/>
						<line number="165" hits="6124" branch="false"/>
						<line number="166" hits="6124" branch="false"/>
						<line number="167" hits="6124" branch="false"/>
						<line number="171" hits="14898" branch="false"/>
						<line number="172" hits="14898" branch="false"/>
						<line number="195" hits="14816" branch="true"/>
						<line number="197" hits="106" branch="false"/>
						<line number="198" hits="106" branch="false"/>
						<line number="199" hits="106" branch="false"/>
						<line number="202" hits="14710" branch="false"/>
						<line number="204" hits="14710" branch="true"/>
						<line number="206" hits="5360" branch="false"/>
						<line number="207" hits="5360" branch="false"/>
						<line number="208" hits="5360" branch="false"/>
						<line number="211" hits="9350" branch="false"/>
						<line number="212" hits="9350" branch="false"/>
						<line number="215" hits="14816" branch="false"/>
						<line number="217" hits="14816" branch="false"/>
						<line number="219" hits="14816" branch="false"/>
						<line number="223" hits="3152" branch="false"/>
						<line number="225" hits="3152" branch="false"/>
						<line number="226" hits="3152" branch="false"/>
						<line number="230" hits="3108" branch="false"/>
						<line number="231" hits="3108" branch="false"/>
						<line number="235" hits="2362" branch="false"/>
						<line number="237" hits="2362" branch="false"/>
						<line number="238" hits="2362" branch="false"/>
						<line number="242" hits="2358" branch="false"/>
						<line number="243" hits="2358" branch="false"/>
						<line number="247" hits="5466" branch="false"/>
						<line number="249" hits="5466" branch="false"/>
						<line number="252" hits="5466" branch="false"/>
						<line number="253" hits="5466" branch="false"/>
						<line number="258" hits="14622" branch="true"/>
						<line number="260" hits="9156" branch="false"/>
						<line number="261" hits="9156" branch="false"/>
						<line number="262" hits="5466" branch="false"/>
						<line number="268" hits="7548" branch="false"/>
						<line number="270" hits="7548" branch="false"/>
						<line number="273" hits="7548" branch="false"/>
						<line number="277" hits="7532" branch="false"/>
						<line number="278" hits="7532" branch="false"/>
						<line number="283" hits="156" branch="false"/>
						<line number="285" hits="156" branch="false"/>
						<line number="286" hits="156" branch="false"/>
						<line number="290" hits="156" branch="false"/>
						<line number="291" hits="156" branch="false"/>
						<line number="295" hits="90" branch="false"/>
						<line number="297" hits="90" branch="false"/>
						<line number="298" hits="90" branch="false"/>
						<line number="302" hits="90" branch="false"/>
						<line number="303" hits="90" branch="false"/>
						<line number="307" hits="1276" branch="false"/>
						<line number="309" hits="1276" branch="false"/>
						<line number="310" hits="1276" branch="false"/>
						<line number="314" hits="1276" branch="false"/>
						<line number="315" hits="1276" branch="false"/>
						<line number="320" hits="140" branch="false"/>
						<line number="322" hits="140" branch="false"/>
						<line number="324" hits="140" branch="false"/>
						<line number="328" hits="140" branch="false"/>
						<line number="329" hits="140" branch="false"/>
						<line number="333" hits="9194" branch="false"/>
						<line number="335" hits="9194" branch="false"/>
						<line number="338" hits="9194" branch="false"/>
						<line number="339" hits="9194" branch="false"/>
						<line number="343" hits="1362" branch="false"/>
						<line number="344" hits="1362" branch="false"/>
						<line number="348" hits="1346" branch="false"/>
						<line number="350" hits="1346" branch="false"/>
						<line number="352" hits="1346" branch="false"/>
						<line number="353" hits="1346" branch="false"/>
						<line number="357" hits="9476" branch="false"/>
						<line number="358" hits="9476" branch="false"/>
						<line number="362" hits="9460" branch="false"/>
						<line number="364" hits="9460" branch="false"/>
						<line number="366" hits="9460" branch="false"/>
						<line number="368" hits="9460" branch="false"/>
						<line number="371" hits="9460" branch="false"/>
						<line number="372" hits="9460" branch="false"/>
						<line number="377" hits="20000" branch="true"/>
						<line number="379" hits="1346" branch="false"/>
						<line number="380" hits="1346" branch="false"/>
						<line number="381" hits="18654" branch="false"/>
						<line number="385" hits="0" branch="false"/>
						<line number="386" hits="0" branch="false"/>
						<line number="387" hits="0" branch="false"/>
						<line number="388" hits="0" branch="false"/>
						<line number="392" hits="12054" branch="false"/>
						<line number="397" hits="11972" branch="true"/>
						<line number="399" hits="16" branch="false"/>
						<line number="400" hits="16" branch="false"/>
						<line number="402" hits="16" branch="false"/>
						<line number="405" hits="11972" branch="false"/>
						<line number="409" hits="12302" branch="false"/>
						<line number="414" hits="12220" branch="true"/>
						<line number="417" hits="248" branch="false"/>
						<line number="418" hits="248" branch="false"/>
						<line number="420" hits="248" branch="false"/>
						<line number="423" hits="12220" branch="false"/>
						<line number="427" hits="1254" branch="false"/>
						<line number="432" hits="1254" branch="true"/>
						<line number="435" hits="1254" branch="false"/>
						<line number="436" hits="1254" branch="false"/>
						<line number="438" hits="1254" branch="false"/>
						<line number="442" hits="1254" branch="false"/>
						<line number="446" hits="458" branch="false"/>
						<line number="451" hits="458" branch="true"/>
						<line number="454" hits="458" branch="false"/>
						<line number="455" hits="458" branch="false"/>
						<line number="457" hits="458" branch="false"/>
						<line number="461" hits="458" branch="false"/>
						<line number="465" hits="506" branch="false"/>
						<line number="470" hits="504" branch="true"/>
						<line number="473" hits="504" branch="false"/>
						<line number="474" hits="504" branch="false"/>
						<line number="476" hits="504" branch="false"/>
						<line number="480" hits="504" branch="false"/>
						<line number="484" hits="378" branch="false"/>
						<line number="489" hits="378" branch="true"/>
						<line number="492" hits="378" branch="false"/>
						<line number="493" hits="378" branch="false"/>
						<line number="495" hits="378" branch="false"/>
						<line number="499" hits="378" branch="false"/>
						<line number="503" hits="136" branch="false"/>
						<line number="508" hits="136" branch="true"/>
						<line number="510" hits="136" branch="false"/>
						<line number="513" hits="136" branch="false"/>
						<line number="517" hits="14898" branch="false"/>
						<line number="522" hits="14816" branch="true"/>
						<line number="525" hits="40" branch="false"/>
						<line number="526" hits="40" branch="false"/>
						<line number="528" hits="40" branch="false"/>
						<line number="531" hits="14816" branch="false"/>
						<line number="535" hits="0" branch="false"/>
						<line number="536" hits="0" branch="false"/>
						<line number="540" hits="3150" branch="false"/>
						<line number="541" hits="3150" branch="false"/>
						<line number="545" hits="2196" branch="false"/>
						<line number="546" hits="2196" branch="false"/>
						<line number="551" hits="78" branch="false"/>
						<line number="553" hits="78" branch="false"/>
						<line number="558" hits="2644" branch="false"/>
						<line number="559" hits="2644" branch="false"/>
						<line number="561" hits="2644" branch="false"/>
						<line number="565" hits="2636" branch="false"/>
						<line number="567" hits="2636" branch="false"/>
						<line number="570" hits="2636" branch="false"/>
						<line number="571" hits="2636" branch="false"/>
						<line number="576" hits="5658" branch="true"/>
						<line number="578" hits="3022" branch="false"/>
						<line number="579" hits="3022" branch="false"/>
						<line number="580" hits="2636" branch="false"/>
						<line number="584" hits="14816" branch="false"/>
						<line number="589" hits="68744" branch="false"/>
						<line number="590" hits="68744" branch="false"/>
						<line number="594" hits="28324" branch="false"/>
						<line number="599" hits="0" branch="true"/>
						<line number="604" hits="49302" branch="false"/>
						<line number="605" hits="49302" branch="false"/>
						<line number="609" hits="49042" branch="false"/>
						<line number="614" hits="138640" branch="false"/>
					</lines>
				</class>
				<class name="org.jaxen.JaxenRuntimeException" filename="org/jaxen/JaxenRuntimeException.java" line-rate="0.6818181818181818" branch-rate="0.75" complexity="2.0">
					<methods>
						<method name="&lt;init&gt;" signature="(Ljava/lang/String;)V" line-rate="1.0" branch-rate="1.0">
							<lines>
								<line number="66" hits="6" branch="false"/>
								<line number="86" hits="2" branch="false"/>
								<line number="87" hits="2" branch="false"/>
							</lines>
						</method>
						<method name="&lt;init&gt;" signature="(Ljava/lang/Throwable;)V" line-rate="1.0" branch-rate="1.0">
							<lines>
								<line number="76" hits="4" branch="false"/>
								<line number="77" hits="4" branch="false"/>
								<line number="78" hits="4" branch="false"/>
							</lines>
						</method>
						<method name="getCause" signature="()Ljava/lang/Throwable;" line-rate="1.0" branch-rate="1.0">
							<lines>
								<line number="97" hits="4" branch="false"/>
							</lines>
						</method>
						<method name="initCause" signature="(Ljava/lang/Throwable;)Ljava/lang/Throwable;" line-rate="1.0" branch-rate="1.0">
							<lines>
								<line number="111" hits="4" branch="true"/>
								<line number="112" hits="4" branch="true"/>
								<line number="113" hits="4" branch="false"/>
								<line number="114" hits="4" branch="false"/>
								<line number="115" hits="4" branch="false"/>
							</lines>
						</method>
						<method name="printStackTrace" signature="(Ljava/io/PrintStream;)V" line-rate="0.0" branch-rate="0.0">
							<lines>
								<line number="125" hits="0" branch="false"/>
								<line number="126" hits="0" branch="true"/>
								<line number="127" hits="0" branch="false"/>
								<line number="128" hits="0" branch="false"/>
								<line number="130" hits="0" branch="false"/>
							</lines>
						</method>
						<method name="printStackTrace" signature="(Ljava/io/PrintWriter;)V" line-rate="0.6" branch-rate="1.0">
							<lines>
								<line number="139" hits="2" branch="false"/>
								<line number="140" hits="2" branch="true"/>
								<line number="141" hits="0" branch="false"/>
								<line number="142" hits="0" branch="false"/>
								<line number="144" hits="2" branch="false"/>
							</lines>
						</method>
					</methods>
					<lines>
						<line number="66" hits="6" branch="false"/>
						<line number="76" hits="4" branch="false"/>
						<line number="77" hits="4" branch="false"/>
						<line number="78" hits="4" branch="false"/>
						<line number="86" hits="2" branch="false"/>
						<line number="87" hits="2" branch="false"/>
						<line number="97" hits="4" branch="false"/>
						<line number="111" hits="4" branch="true"/>
						<line number="112" hits="4" branch="true"/>
						<line number="113" hits="4" branch="false"/>
						<line number="114" hits="4" branch="false"/>
						<line number="115" hits="4" branch="false"/>
						<line number="125" hits="0" branch="false"/>
						<line number="126" hits="0" branch="true"/>
						<line number="127" hits="0" branch="false"/>
						<line number="128" hits="0" branch="false"/>
						<line number="130" hits="0" branch="false"/>
						<line number="139" hits="2" branch="false"/>
						<line number="140" hits="2" branch="true"/>
						<line number="141" hits="0" branch="false"/>
						<line number="142" hits="0" branch="false"/>
						<line number="144" hits="2" branch="false"/>
					</lines>
				</class>
				<class name="org.jaxen.NamedAccessNavigator" filename="org/jaxen/NamedAccessNavigator.java" line-rate="1.0" branch-rate="1.0" complexity="1.0">
					<methods>
					</methods>
					<lines>
					</lines>
				</class>
				<class name="org.jaxen.NamespaceContext" filename="org/jaxen/NamespaceContext.java" line-rate="1.0" branch-rate="1.0" complexity="1.0">
					<methods>
					</methods>
					<lines>
					</lines>
				</class>
				<class name="org.jaxen.Navigator" filename="org/jaxen/Navigator.java" line-rate="1.0" branch-rate="1.0" complexity="1.0">
					<methods>
					</methods>
					<lines>
					</lines>
				</class>
				<class name="org.jaxen.QualifiedName" filename="org/jaxen/QualifiedName.java" line-rate="0.9" branch-rate="1.0" complexity="1.75">
					<methods>
						<method name="&lt;init&gt;" signature="(Ljava/lang/String;Ljava/lang/String;)V" line-rate="1.0" branch-rate="1.0">
							<lines>
								<line number="73" hits="7690" branch="false"/>
								<line number="74" hits="7690" branch="true"/>
								<line number="75" hits="7690" branch="false"/>
								<line number="76" hits="7690" branch="false"/>
								<line number="77" hits="7690" branch="false"/>
							</lines>
						</method>
						<method name="equals" signature="(Ljava/lang/Object;)Z" line-rate="1.0" branch-rate="1.0">
							<lines>
								<line number="90" hits="8544" branch="false"/>
								<line number="91" hits="8544" branch="true"/>
							</lines>
						</method>
						<method name="getClarkForm" signature="()Ljava/lang/String;" line-rate="0.5" branch-rate="1.0">
							<lines>
								<line number="99" hits="10" branch="true"/>
								<line number="100" hits="0" branch="false"/>
							</lines>
						</method>
						<method name="hashCode" signature="()I" line-rate="1.0" branch-rate="1.0">
							<lines>
								<line number="81" hits="11974" branch="false"/>
							</lines>
						</method>
					</methods>
					<lines>
						<line number="73" hits="7690" branch="false"/>
						<line number="74" hits="7690" branch="true"/>
						<line number="75" hits="7690" branch="false"/>
						<line number="76" hits="7690" branch="false"/>
						<line number="77" hits="7690" branch="false"/>
						<line number="81" hits="11974" branch="false"/>
						<line number="90" hits="8544" branch="false"/>
						<line number="91" hits="8544" branch="true"/>
						<line number="99" hits="10" branch="true"/>
						<line number="100" hits="0" branch="false"/>
					</lines>
				</class>
				<class name="org.jaxen.SimpleFunctionContext" filename="org/jaxen/SimpleFunctionContext.java" line-rate="1.0" branch-rate="1.0" complexity="2.0">
					<methods>
						<method name="&lt;init&gt;" signature="()V" line-rate="1.0" branch-rate="1.0">
							<lines>
								<line number="76" hits="106" branch="false"/>
								<line number="77" hits="106" branch="false"/>
								<line number="78" hits="106" branch="false"/>
							</lines>
						</method>
						<method name="getFunction" signature="(Ljava/lang/String;Ljava/lang/String;Ljava/lang/String;)Lorg/jaxen/Function;" line-rate="1.0" branch-rate="1.0">
							<lines>
								<line number="121" hits="4240" branch="false"/>
								<line number="123" hits="4240" branch="true"/>
								<line number="124" hits="4234" branch="false"/>
								<line number="127" hits="6" branch="false"/>
							</lines>
						</method>
						<method name="registerFunction" signature="(Ljava/lang/String;Ljava/lang/String;Lorg/jaxen/Function;)V" line-rate="1.0" branch-rate="1.0">
							<lines>
								<line number="112" hits="3384" branch="false"/>
								<line number="114" hits="3384" branch="false"/>
							</lines>
						</method>
					</methods>
					<lines>
						<line number="76" hits="106" branch="false"/>
						<line number="77" hits="106" branch="false"/>
						<line number="78" hits="106" branch="false"/>
						<line number="112" hits="3384" branch="false"/>
						<line number="114" hits="3384" branch="false"/>
						<line number="121" hits="4240" branch="false"/>
						<line number="123" hits="4240" branch="true"/>
						<line number="124" hits="4234" branch="false"/>
						<line number="127" hits="6" branch="false"/>
					</lines>
				</class>
				<class name="org.jaxen.SimpleNamespaceContext" filename="org/jaxen/SimpleNamespaceContext.java" line-rate="0.9615384615384616" branch-rate="1.0" complexity="2.4">
					<methods>
						<method name="&lt;init&gt;" signature="()V" line-rate="1.0" branch-rate="1.0">
							<lines>
								<line number="74" hits="1746" branch="false"/>
								<line number="75" hits="1746" branch="false"/>
								<line number="76" hits="1746" branch="false"/>
							</lines>
						</method>
						<method name="&lt;init&gt;" signature="(Ljava/util/Map;)V" line-rate="0.8888888888888888" branch-rate="1.0">
							<lines>
								<line number="89" hits="6" branch="false"/>
								<line number="90" hits="6" branch="false"/>
								<line number="91" hits="6" branch="true"/>
								<line number="92" hits="4" branch="false"/>
								<line number="93" hits="4" branch="true"/>
								<line number="95" hits="4" branch="false"/>
								<line number="97" hits="0" branch="false"/>
								<line number="98" hits="2" branch="false"/>
								<line number="99" hits="2" branch="false"/>
							</lines>
						</method>
						<method name="addElementNamespaces" signature="(Lorg/jaxen/Navigator;Ljava/lang/Object;)V" line-rate="1.0" branch-rate="1.0">
							<lines>
								<line number="116" hits="4" branch="false"/>
								<line number="118" hits="8" branch="true"/>
								<line number="119" hits="4" branch="false"/>
								<line number="120" hits="4" branch="false"/>
								<line number="121" hits="4" branch="false"/>
								<line number="122" hits="4" branch="true"/>
								<line number="123" hits="4" branch="false"/>
								<line number="125" hits="4" branch="false"/>
								<line number="126" hits="4" branch="false"/>
							</lines>
						</method>
						<method name="addNamespace" signature="(Ljava/lang/String;Ljava/lang/String;)V" line-rate="1.0" branch-rate="1.0">
							<lines>
								<line number="137" hits="94" branch="false"/>
								<line number="138" hits="94" branch="false"/>
							</lines>
						</method>
						<method name="translateNamespacePrefixToUri" signature="(Ljava/lang/String;)Ljava/lang/String;" line-rate="1.0" branch-rate="1.0">
							<lines>
								<line number="142" hits="4494" branch="true"/>
								<line number="144" hits="220" branch="false"/>
								<line number="147" hits="4274" branch="false"/>
							</lines>
						</method>
					</methods>
					<lines>
						<line number="74" hits="1746" branch="false"/>
						<line number="75" hits="1746" branch="false"/>
						<line number="76" hits="1746" branch="false"/>
						<line number="89" hits="6" branch="false"/>
						<line number="90" hits="6" branch="false"/>
						<line number="91" hits="6" branch="true"/>
						<line number="92" hits="4" branch="false"/>
						<line number="93" hits="4" branch="true"/>
						<line number="95" hits="4" branch="false"/>
						<line number="97" hits="0" branch="false"/>
						<line number="98" hits="2" branch="false"/>
						<line number="99" hits="2" branch="false"/>
						<line number="116" hits="4" branch="false"/>
						<line number="118" hits="8" branch="true"/>
						<line number="119" hits="4" branch="false"/>
						<line number="120" hits="4" branch="false"/>
						<line number="121" hits="4" branch="false"/>
						<line number="122" hits="4" branch="true"/>
						<line number="123" hits="4" branch="false"/>
						<line number="125" hits="4" branch="false"/>
						<line number="126" hits="4" branch="false"/>
						<line number="137" hits="94" branch="false"/>
						<line number="138" hits="94" branch="false"/>
						<line number="142" hits="4494" branch="true"/>
						<line number="144" hits="220" branch="false"/>
						<line number="147" hits="4274" branch="false"/>
					</lines>
				</class>
				<class name="org.jaxen.SimpleVariableContext" filename="org/jaxen/SimpleVariableContext.java" line-rate="1.0" branch-rate="1.0" complexity="1.75">
					<methods>
						<method name="&lt;init&gt;" signature="()V" line-rate="1.0" branch-rate="1.0">
							<lines>
								<line number="81" hits="1714" branch="false"/>
								<line number="82" hits="1714" branch="false"/>
								<line number="83" hits="1714" branch="false"/>
							</lines>
						</method>
						<method name="getVariableValue" signature="(Ljava/lang/String;Ljava/lang/String;Ljava/lang/String;)Ljava/lang/Object;" line-rate="1.0" branch-rate="1.0">
							<lines>
								<line number="133" hits="42" branch="false"/>
								<line number="135" hits="42" branch="true"/>
								<line number="137" hits="38" branch="false"/>
								<line number="141" hits="4" branch="false"/>
							</lines>
						</method>
						<method name="setVariableValue" signature="(Ljava/lang/String;Ljava/lang/Object;)V" line-rate="1.0" branch-rate="1.0">
							<lines>
								<line number="125" hits="8" branch="false"/>
								<line number="126" hits="8" branch="false"/>
							</lines>
						</method>
						<method name="setVariableValue" signature="(Ljava/lang/String;Ljava/lang/String;Ljava/lang/Object;)V" line-rate="1.0" branch-rate="1.0">
							<lines>
								<line number="106" hits="16" branch="false"/>
								<line number="108" hits="16" branch="false"/>
							</lines>
						</method>
					</methods>
					<lines>
						<line number="81" hits="1714" branch="false"/>
						<line number="82" hits="1714" branch="false"/>
[...]
							<lines>
								<line number="197" hits="136" branch="false"/>
								<line number="198" hits="0" branch="false"/>
								<line number="199" hits="0" branch="false"/>
							</lines>
						</method>
						<method name="getDocumentNode" signature="(Ljava/lang/Object;)Ljava/lang/Object;" line-rate="0.8333333333333334" branch-rate="1.0">
							<lines>
								<line number="204" hits="524" branch="false"/>
								<line number="205" hits="524" branch="true"/>
								<line number="206" hits="524" branch="false"/>
								<line number="207" hits="524" branch="true"/>
								<line number="208" hits="0" branch="false"/>
								<line number="210" hits="524" branch="false"/>
							</lines>
						</method>
						<method name="getElementName" signature="(Ljava/lang/Object;)Ljava/lang/String;" line-rate="1.0" branch-rate="1.0">
							<lines>
								<line number="148" hits="80154" branch="true"/>
							</lines>
						</method>
						<method name="getElementNamespaceUri" signature="(Ljava/lang/Object;)Ljava/lang/String;" line-rate="1.0" branch-rate="1.0">
							<lines>
								<line number="152" hits="79692" branch="true"/>
							</lines>
						</method>
						<method name="getElementQName" signature="(Ljava/lang/Object;)Ljava/lang/String;" line-rate="1.0" branch-rate="1.0">
							<lines>
								<line number="156" hits="52" branch="true"/>
							</lines>
						</method>
						<method name="getElementStringValue" signature="(Ljava/lang/Object;)Ljava/lang/String;" line-rate="1.0" branch-rate="1.0">
							<lines>
								<line number="160" hits="258" branch="true"/>
							</lines>
						</method>
						<method name="getNamespaceAxisIterator" signature="(Ljava/lang/Object;)Ljava/util/Iterator;" line-rate="1.0" branch-rate="1.0">
							<lines>
								<line number="384" hits="250" branch="true"/>
								<line number="385" hits="146" branch="false"/>
								<line number="387" hits="104" branch="false"/>
								<line number="388" hits="104" branch="false"/>
								<line number="389" hits="104" branch="false"/>
								<line number="391" hits="378" branch="true"/>
								<line number="392" hits="274" branch="false"/>
								<line number="393" hits="274" branch="false"/>
								<line number="394" hits="274" branch="false"/>
								<line number="395" hits="274" branch="false"/>
								<line number="396" hits="274" branch="false"/>
								<line number="397" hits="728" branch="true"/>
								<line number="398" hits="454" branch="false"/>
								<line number="399" hits="454" branch="false"/>
								<line number="400" hits="454" branch="false"/>
								<line number="402" hits="274" branch="false"/>
								<line number="403" hits="274" branch="false"/>
								<line number="404" hits="104" branch="false"/>
								<line number="406" hits="104" branch="false"/>
							</lines>
						</method>
						<method name="getNamespacePrefix" signature="(Ljava/lang/Object;)Ljava/lang/String;" line-rate="0.5714285714285714" branch-rate="1.0">
							<lines>
								<line number="166" hits="234" branch="true"/>
								<line number="167" hits="0" branch="false"/>
								<line number="168" hits="234" branch="true"/>
								<line number="169" hits="0" branch="false"/>
								<line number="170" hits="234" branch="true"/>
								<line number="171" hits="234" branch="false"/>
								<line number="173" hits="0" branch="false"/>
							</lines>
						</method>
						<method name="getNamespaceStringValue" signature="(Ljava/lang/Object;)Ljava/lang/String;" line-rate="0.0" branch-rate="0.0">
							<lines>
								<line number="177" hits="0" branch="true"/>
								<line number="178" hits="0" branch="false"/>
								<line number="179" hits="0" branch="true"/>
								<line number="180" hits="0" branch="false"/>
								<line number="181" hits="0" branch="true"/>
								<line number="182" hits="0" branch="false"/>
								<line number="184" hits="0" branch="false"/>
							</lines>
						</method>
						<method name="getParentAxisIterator" signature="(Ljava/lang/Object;)Ljava/util/Iterator;" line-rate="1.0" branch-rate="1.0">
							<lines>
								<line number="264" hits="28" branch="false"/>
								<line number="265" hits="28" branch="true"/>
								<line number="266" hits="24" branch="false"/>
								<line number="267" hits="24" branch="true"/>
								<line number="268" hits="4" branch="false"/>
								<line number="270" hits="28" branch="true"/>
							</lines>
						</method>
						<method name="getParentNode" signature="(Ljava/lang/Object;)Ljava/lang/Object;" line-rate="1.0" branch-rate="1.0">
							<lines>
								<line number="274" hits="48206" branch="true"/>
							</lines>
						</method>
						<method name="getPrecedingAxisIterator" signature="(Ljava/lang/Object;)Ljava/util/Iterator;" line-rate="1.0" branch-rate="1.0">
							<lines>
								<line number="280" hits="36" branch="false"/>
							</lines>
						</method>
						<method name="getPrecedingSiblingAxisIterator" signature="(Ljava/lang/Object;)Ljava/util/Iterator;" line-rate="1.0" branch-rate="1.0">
							<lines>
								<line number="284" hits="22" branch="false"/>
							</lines>
						</method>
						<method name="getProcessingInstructionData" signature="(Ljava/lang/Object;)Ljava/lang/String;" line-rate="1.0" branch-rate="1.0">
							<lines>
								<line number="290" hits="6" branch="true"/>
							</lines>
						</method>
						<method name="getProcessingInstructionTarget" signature="(Ljava/lang/Object;)Ljava/lang/String;" line-rate="1.0" branch-rate="1.0">
							<lines>
								<line number="294" hits="12" branch="true"/>
							</lines>
						</method>
						<method name="getTextStringValue" signature="(Ljava/lang/Object;)Ljava/lang/String;" line-rate="1.0" branch-rate="1.0">
							<lines>
								<line number="190" hits="24" branch="true"/>
							</lines>
						</method>
						<method name="isAttribute" signature="(Ljava/lang/Object;)Z" line-rate="1.0" branch-rate="1.0">
							<lines>
								<line number="96" hits="13162" branch="false"/>
							</lines>
						</method>
						<method name="isComment" signature="(Ljava/lang/Object;)Z" line-rate="1.0" branch-rate="1.0">
							<lines>
								<line number="100" hits="2246" branch="false"/>
							</lines>
						</method>
						<method name="isDocument" signature="(Ljava/lang/Object;)Z" line-rate="1.0" branch-rate="1.0">
							<lines>
								<line number="104" hits="2444" branch="false"/>
							</lines>
						</method>
						<method name="isElement" signature="(Ljava/lang/Object;)Z" line-rate="1.0" branch-rate="1.0">
							<lines>
								<line number="108" hits="637786" branch="false"/>
							</lines>
						</method>
						<method name="isNamespace" signature="(Ljava/lang/Object;)Z" line-rate="1.0" branch-rate="1.0">
							<lines>
								<line number="112" hits="8912" branch="false"/>
							</lines>
						</method>
						<method name="isProcessingInstruction" signature="(Ljava/lang/Object;)Z" line-rate="1.0" branch-rate="1.0">
							<lines>
								<line number="116" hits="2186" branch="false"/>
							</lines>
						</method>
						<method name="isText" signature="(Ljava/lang/Object;)Z" line-rate="1.0" branch-rate="1.0">
							<lines>
								<line number="120" hits="159646" branch="false"/>
							</lines>
						</method>
						<method name="parseXPath" signature="(Ljava/lang/String;)Lorg/jaxen/XPath;" line-rate="1.0" branch-rate="1.0">
							<lines>
								<line number="321" hits="14" branch="false"/>
							</lines>
						</method>
						<method name="translateNamespacePrefixToUri" signature="(Ljava/lang/String;Ljava/lang/Object;)Ljava/lang/String;" line-rate="0.0" branch-rate="0.0">
							<lines>
								<line number="300" hits="0" branch="false"/>
								<line number="301" hits="0" branch="true"/>
								<line number="302" hits="0" branch="false"/>
								<line number="303" hits="0" branch="true"/>
								<line number="304" hits="0" branch="false"/>
								<line number="305" hits="0" branch="true"/>
								<line number="306" hits="0" branch="false"/>
								<line number="307" hits="0" branch="false"/>
								<line number="308" hits="0" branch="true"/>
								<line number="310" hits="0" branch="false"/>
								<line number="312" hits="0" branch="true"/>
								<line number="313" hits="0" branch="false"/>
								<line number="315" hits="0" branch="false"/>
							</lines>
						</method>
					</methods>
					<lines>
						<line number="88" hits="586" branch="false"/>
						<line number="96" hits="13162" branch="false"/>
						<line number="100" hits="2246" branch="false"/>
						<line number="104" hits="2444" branch="false"/>
						<line number="108" hits="637786" branch="false"/>
						<line number="112" hits="8912" branch="false"/>
						<line number="116" hits="2186" branch="false"/>
						<line number="120" hits="159646" branch="false"/>
						<line number="126" hits="910" branch="true"/>
						<line number="130" hits="910" branch="true"/>
						<line number="134" hits="0" branch="true"/>
						<line number="138" hits="574" branch="true"/>
						<line number="144" hits="0" branch="true"/>
						<line number="148" hits="80154" branch="true"/>
						<line number="152" hits="79692" branch="true"/>
						<line number="156" hits="52" branch="true"/>
						<line number="160" hits="258" branch="true"/>
						<line number="166" hits="234" branch="true"/>
						<line number="167" hits="0" branch="false"/>
						<line number="168" hits="234" branch="true"/>
						<line number="169" hits="0" branch="false"/>
						<line number="170" hits="234" branch="true"/>
						<line number="171" hits="234" branch="false"/>
						<line number="173" hits="0" branch="false"/>
						<line number="177" hits="0" branch="true"/>
						<line number="178" hits="0" branch="false"/>
						<line number="179" hits="0" branch="true"/>
						<line number="180" hits="0" branch="false"/>
						<line number="181" hits="0" branch="true"/>
						<line number="182" hits="0" branch="false"/>
						<line number="184" hits="0" branch="false"/>
						<line number="190" hits="24" branch="true"/>
						<line number="197" hits="136" branch="false"/>
						<line number="198" hits="0" branch="false"/>
						<line number="199" hits="0" branch="false"/>
						<line number="204" hits="524" branch="false"/>
						<line number="205" hits="524" branch="true"/>
						<line number="206" hits="524" branch="false"/>
						<line number="207" hits="524" branch="true"/>
						<line number="208" hits="0" branch="false"/>
						<line number="210" hits="524" branch="false"/>
						<line number="240" hits="1290" branch="true"/>
						<line number="241" hits="1198" branch="false"/>
						<line number="247" hits="92" branch="false"/>
						<line number="251" hits="237834" branch="true"/>
						<line number="252" hits="83356" branch="false"/>
						<line number="258" hits="154478" branch="false"/>
						<line number="264" hits="28" branch="false"/>
						<line number="265" hits="28" branch="true"/>
						<line number="266" hits="24" branch="false"/>
						<line number="267" hits="24" branch="true"/>
						<line number="268" hits="4" branch="false"/>
						<line number="270" hits="28" branch="true"/>
						<line number="274" hits="48206" branch="true"/>
						<line number="280" hits="36" branch="false"/>
						<line number="284" hits="22" branch="false"/>
						<line number="290" hits="6" branch="true"/>
						<line number="294" hits="12" branch="true"/>
						<line number="300" hits="0" branch="false"/>
						<line number="301" hits="0" branch="true"/>
						<line number="302" hits="0" branch="false"/>
						<line number="303" hits="0" branch="true"/>
						<line number="304" hits="0" branch="false"/>
						<line number="305" hits="0" branch="true"/>
						<line number="306" hits="0" branch="false"/>
						<line number="307" hits="0" branch="false"/>
						<line number="308" hits="0" branch="true"/>
						<line number="310" hits="0" branch="false"/>
						<line number="312" hits="0" branch="true"/>
						<line number="313" hits="0" branch="false"/>
						<line number="315" hits="0" branch="false"/>
						<line number="321" hits="14" branch="false"/>
						<line number="331" hits="586" branch="false"/>
						<line number="375" hits="832" branch="true"/>
						<line number="376" hits="284" branch="false"/>
						<line number="377" hits="284" branch="false"/>
						<line number="379" hits="548" branch="false"/>
						<line number="384" hits="250" branch="true"/>
						<line number="385" hits="146" branch="false"/>
						<line number="387" hits="104" branch="false"/>
						<line number="388" hits="104" branch="false"/>
						<line number="389" hits="104" branch="false"/>
						<line number="391" hits="378" branch="true"/>
						<line number="392" hits="274" branch="false"/>
						<line number="393" hits="274" branch="false"/>
						<line number="394" hits="274" branch="false"/>
						<line number="395" hits="274" branch="false"/>
						<line number="396" hits="274" branch="false"/>
						<line number="397" hits="728" branch="true"/>
						<line number="398" hits="454" branch="false"/>
						<line number="399" hits="454" branch="false"/>
						<line number="400" hits="454" branch="false"/>
						<line number="402" hits="274" branch="false"/>
						<line number="403" hits="274" branch="false"/>
						<line number="404" hits="104" branch="false"/>
						<line number="406" hits="104" branch="false"/>
					</lines>
				</class>
				<class name="org.jaxen.xom.DocumentNavigator$1" filename="org/jaxen/xom/DocumentNavigator.java" line-rate="1.0" branch-rate="1.0" complexity="1.8">
					<methods>
						<method name="&lt;init&gt;" signature="(Lorg/jaxen/xom/DocumentNavigator;Ljava/lang/Object;II)V" line-rate="1.0" branch-rate="1.0">
							<lines>
								<line number="242" hits="1198" branch="false"/>
							</lines>
						</method>
						<method name="get" signature="(Ljava/lang/Object;I)Ljava/lang/Object;" line-rate="1.0" branch-rate="1.0">
							<lines>
								<line number="243" hits="910" branch="false"/>
							</lines>
						</method>
					</methods>
					<lines>
						<line number="242" hits="1198" branch="false"/>
						<line number="243" hits="910" branch="false"/>
					</lines>
				</class>
				<class name="org.jaxen.xom.DocumentNavigator$2" filename="org/jaxen/xom/DocumentNavigator.java" line-rate="1.0" branch-rate="1.0" complexity="1.8">
					<methods>
						<method name="&lt;init&gt;" signature="(Lorg/jaxen/xom/DocumentNavigator;Ljava/lang/Object;II)V" line-rate="1.0" branch-rate="1.0">
							<lines>
								<line number="253" hits="83356" branch="false"/>
							</lines>
						</method>
						<method name="get" signature="(Ljava/lang/Object;I)Ljava/lang/Object;" line-rate="1.0" branch-rate="1.0">
							<lines>
								<line number="254" hits="395484" branch="false"/>
							</lines>
						</method>
					</methods>
					<lines>
						<line number="253" hits="83356" branch="false"/>
						<line number="254" hits="395484" branch="false"/>
					</lines>
				</class>
				<class name="org.jaxen.xom.DocumentNavigator$IndexIterator" filename="org/jaxen/xom/DocumentNavigator.java" line-rate="0.9" branch-rate="1.0" complexity="1.8">
					<methods>
						<method name="&lt;init&gt;" signature="(Ljava/lang/Object;II)V" line-rate="1.0" branch-rate="1.0">
							<lines>
								<line number="216" hits="84554" branch="false"/>
								<line number="217" hits="84554" branch="false"/>
								<line number="218" hits="84554" branch="false"/>
								<line number="219" hits="84554" branch="false"/>
								<line number="220" hits="84554" branch="false"/>
								<line number="221" hits="84554" branch="false"/>
								<line number="222" hits="84554" branch="false"/>
							</lines>
						</method>
						<method name="hasNext" signature="()Z" line-rate="1.0" branch-rate="1.0">
							<lines>
								<line number="224" hits="704654" branch="true"/>
							</lines>
						</method>
						<method name="next" signature="()Ljava/lang/Object;" line-rate="1.0" branch-rate="1.0">
							<lines>
								<line number="229" hits="396394" branch="false"/>
							</lines>
						</method>
						<method name="remove" signature="()V" line-rate="0.0" branch-rate="1.0">
							<lines>
								<line number="233" hits="0" branch="false"/>
							</lines>
						</method>
					</methods>
					<lines>
						<line number="216" hits="84554" branch="false"/>
						<line number="217" hits="84554" branch="false"/>
						<line number="218" hits="84554" branch="false"/>
						<line number="219" hits="84554" branch="false"/>
						<line number="220" hits="84554" branch="false"/>
						<line number="221" hits="84554" branch="false"/>
						<line number="222" hits="84554" branch="false"/>
						<line number="224" hits="704654" branch="true"/>
						<line number="229" hits="396394" branch="false"/>
						<line number="233" hits="0" branch="false"/>
					</lines>
				</class>
				<class name="org.jaxen.xom.DocumentNavigator$XPathNamespace" filename="org/jaxen/xom/DocumentNavigator.java" line-rate="0.7777777777777778" branch-rate="1.0" complexity="1.8">
					<methods>
						<method name="&lt;init&gt;" signature="(Lnu/xom/Element;Ljava/lang/String;Ljava/lang/String;)V" line-rate="1.0" branch-rate="1.0">
							<lines>
								<line number="338" hits="284" branch="false"/>
								<line number="339" hits="284" branch="false"/>
								<line number="340" hits="284" branch="false"/>
								<line number="341" hits="284" branch="false"/>
								<line number="342" hits="284" branch="false"/>
							</lines>
						</method>
						<method name="getElement" signature="()Lnu/xom/Element;" line-rate="1.0" branch-rate="1.0">
							<lines>
								<line number="350" hits="4" branch="false"/>
							</lines>
						</method>
						<method name="getNamespacePrefix" signature="()Ljava/lang/String;" line-rate="1.0" branch-rate="1.0">
							<lines>
								<line number="360" hits="234" branch="false"/>
							</lines>
						</method>
						<method name="getNamespaceURI" signature="()Ljava/lang/String;" line-rate="0.0" branch-rate="1.0">
							<lines>
								<line number="355" hits="0" branch="false"/>
							</lines>
						</method>
						<method name="toString" signature="()Ljava/lang/String;" line-rate="0.0" branch-rate="1.0">
							<lines>
								<line number="365" hits="0" branch="false"/>
							</lines>
						</method>
					</methods>
					<lines>
						<line number="338" hits="284" branch="false"/>
						<line number="339" hits="284" branch="false"/>
						<line number="340" hits="284" branch="false"/>
						<line number="341" hits="284" branch="false"/>
						<line number="342" hits="284" branch="false"/>
						<line number="350" hits="4" branch="false"/>
						<line number="355" hits="0" branch="false"/>
						<line number="360" hits="234" branch="false"/>
						<line number="365" hits="0" branch="false"/>
					</lines>
				</class>
				<class name="org.jaxen.xom.XOMXPath" filename="org/jaxen/xom/XOMXPath.java" line-rate="1.0" branch-rate="1.0" complexity="1.0">
					<methods>
						<method name="&lt;init&gt;" signature="(Ljava/lang/String;)V" line-rate="1.0" branch-rate="1.0">
							<lines>
								<line number="88" hits="4" branch="false"/>
								<line number="89" hits="4" branch="false"/>
							</lines>
						</method>
					</methods>
					<lines>
						<line number="88" hits="4" branch="false"/>
						<line number="89" hits="4" branch="false"/>
					</lines>
				</class>
			</classes>
		</package>
		<package name="org.w3c.dom" line-rate="1.0" branch-rate="1.0" complexity="1.0">
			<classes>
				<class name="org.w3c.dom.UserDataHandler" filename="org/w3c/dom/UserDataHandler.java" line-rate="1.0" branch-rate="1.0" complexity="1.0">
					<methods>
					</methods>
					<lines>
					</lines>
				</class>
			</classes>
		</package>
	</packages>
</coverage>
