<?xml version="1.0" encoding="UTF-8" ?>
<testsuite errors="0" failures="0" name="test.build.SATestInputStreamToFileCopier" tests="3" time="1.078">
  <properties>
[...]
</properties>
  <testcase name="test_copyInputStreamToFile" time="0.094"></testcase>
  <testcase name="test_zeroLengthResultCanBeDeleted" time="0.047"></testcase>
  <testcase name="test_zeroLengthResultCanBeDeletedWhenThreaded" time="0.062"></testcase>
  <system-out><![CDATA[]]></system-out>
  <system-err><![CDATA[]]></system-err>
</testsuite>
